2026-06-23 18:57:00,732 INFO o.a.j.u.JMeterUtils: Setting Locale to en_EN
2026-06-23 18:57:00,753 INFO o.a.j.JMeter: Loading user properties from: C:\Users\pablo\Downloads\apache-jmeter-5.6.3\apache-jmeter-5.6.3\bin\user.properties
2026-06-23 18:57:00,754 INFO o.a.j.JMeter: Loading system properties from: C:\Users\pablo\Downloads\apache-jmeter-5.6.3\apache-jmeter-5.6.3\bin\system.properties
2026-06-23 18:57:00,761 INFO o.a.j.JMeter: Copyright (c) 1998-2024 The Apache Software Foundation
2026-06-23 18:57:00,761 INFO o.a.j.JMeter: Version 5.6.3
2026-06-23 18:57:00,761 INFO o.a.j.JMeter: java.version=21.0.9
2026-06-23 18:57:00,761 INFO o.a.j.JMeter: java.vm.name=Java HotSpot(TM) 64-Bit Server VM
2026-06-23 18:57:00,761 INFO o.a.j.JMeter: os.name=Windows 10
2026-06-23 18:57:00,762 INFO o.a.j.JMeter: os.arch=amd64
2026-06-23 18:57:00,762 INFO o.a.j.JMeter: os.version=10.0
2026-06-23 18:57:00,762 INFO o.a.j.JMeter: file.encoding=UTF-8
2026-06-23 18:57:00,762 INFO o.a.j.JMeter: java.awt.headless=true
2026-06-23 18:57:00,762 INFO o.a.j.JMeter: Max memory     =1073741824
2026-06-23 18:57:00,762 INFO o.a.j.JMeter: Available Processors =12
2026-06-23 18:57:00,773 INFO o.a.j.JMeter: Default Locale=English (EN)
2026-06-23 18:57:00,773 INFO o.a.j.JMeter: JMeter  Locale=English (EN)
2026-06-23 18:57:00,773 INFO o.a.j.JMeter: JMeterHome=C:\Users\pablo\Downloads\apache-jmeter-5.6.3\apache-jmeter-5.6.3
2026-06-23 18:57:00,773 INFO o.a.j.JMeter: user.dir  =C:\Users\pablo\Desktop\Evaluacion QA\Desarrollo de la evaluacion
2026-06-23 18:57:00,773 INFO o.a.j.JMeter: PWD       =C:\Users\pablo\Desktop\Evaluacion QA\Desarrollo de la evaluacion
2026-06-23 18:57:00,774 INFO o.a.j.JMeter: IP: 192.168.1.56 Name: DESKTOP-2P2LQAR FullName: DESKTOP-2P2LQAR
2026-06-23 18:57:00,787 INFO o.a.j.JMeter: Setting property 'jmeter.reportgenerator.outputdir' to:'C:\Users\pablo\Desktop\Evaluacion QA\Desarrollo de la evaluacion\reporte-html'
2026-06-23 18:57:00,790 INFO o.a.j.s.FileServer: Default base='C:\Users\pablo\Desktop\Evaluacion QA\Desarrollo de la evaluacion'
2026-06-23 18:57:00,792 INFO o.a.j.s.FileServer: Set new base='C:\Users\pablo\Desktop\Evaluacion QA\Desarrollo de la evaluacion'
2026-06-23 18:57:00,973 INFO o.a.j.s.SaveService: Testplan (JMX) version: 2.2. Testlog (JTL) version: 2.2
2026-06-23 18:57:01,006 INFO o.a.j.s.SaveService: Using SaveService properties version 5.0
2026-06-23 18:57:01,009 INFO o.a.j.s.SaveService: Using SaveService properties file encoding UTF-8
2026-06-23 18:57:01,013 INFO o.a.j.s.SaveService: Loading file: Plan de Pruebas - Fakestore Service Load Test.jmx
2026-06-23 18:57:01,088 INFO o.a.j.p.h.s.HTTPSamplerBase: Parser for text/html is org.apache.jmeter.protocol.http.parser.LagartoBasedHtmlParser
2026-06-23 18:57:01,088 INFO o.a.j.p.h.s.HTTPSamplerBase: Parser for application/xhtml+xml is org.apache.jmeter.protocol.http.parser.LagartoBasedHtmlParser
2026-06-23 18:57:01,088 INFO o.a.j.p.h.s.HTTPSamplerBase: Parser for application/xml is org.apache.jmeter.protocol.http.parser.LagartoBasedHtmlParser
2026-06-23 18:57:01,088 INFO o.a.j.p.h.s.HTTPSamplerBase: Parser for text/xml is org.apache.jmeter.protocol.http.parser.LagartoBasedHtmlParser
2026-06-23 18:57:01,088 INFO o.a.j.p.h.s.HTTPSamplerBase: Parser for text/vnd.wap.wml is org.apache.jmeter.protocol.http.parser.RegexpHTMLParser
2026-06-23 18:57:01,088 INFO o.a.j.p.h.s.HTTPSamplerBase: Parser for text/css is org.apache.jmeter.protocol.http.parser.CssParser
2026-06-23 18:57:01,117 INFO o.a.j.JMeter: Creating summariser <summary>
2026-06-23 18:57:01,121 INFO o.a.j.r.d.ReportGenerator: ReportGenerator will use for Parsing the separator: ','
2026-06-23 18:57:01,121 INFO o.a.j.r.d.ReportGenerator: Will generate report at end of test from  results file: resultados_evaluacion.jtl
2026-06-23 18:57:01,121 INFO o.a.j.r.d.ReportGenerator: Reading report generator properties from: C:\Users\pablo\Downloads\apache-jmeter-5.6.3\apache-jmeter-5.6.3\bin\reportgenerator.properties
2026-06-23 18:57:01,122 INFO o.a.j.r.d.ReportGenerator: Merging with JMeter properties
2026-06-23 18:57:01,127 INFO o.a.j.r.c.ReportGeneratorConfiguration: Property 'jmeter.reportgenerator.temp_dir' not found, using default value 'temp' instead.
2026-06-23 18:57:01,129 INFO o.a.j.r.c.ReportGeneratorConfiguration: Property 'jmeter.reportgenerator.apdex_per_transaction' not found, using default value 'null' instead.
2026-06-23 18:57:01,129 INFO o.a.j.r.c.ReportGeneratorConfiguration: apdex_per_transaction is empty, not APDEX per transaction customization
2026-06-23 18:57:01,129 INFO o.a.j.r.c.ReportGeneratorConfiguration: Property 'jmeter.reportgenerator.sample_filter' not found, using default value 'null' instead.
2026-06-23 18:57:01,130 INFO o.a.j.r.c.ReportGeneratorConfiguration: Property 'jmeter.reportgenerator.report_title' not found, using default value 'null' instead.
2026-06-23 18:57:01,130 INFO o.a.j.r.c.ReportGeneratorConfiguration: Property 'jmeter.reportgenerator.start_date' not found, using default value 'null' instead.
2026-06-23 18:57:01,130 INFO o.a.j.r.c.ReportGeneratorConfiguration: Property 'jmeter.reportgenerator.end_date' not found, using default value 'null' instead.
2026-06-23 18:57:01,130 INFO o.a.j.r.c.ReportGeneratorConfiguration: Property 'jmeter.reportgenerator.date_format' not found, using default value 'null' instead.
2026-06-23 18:57:01,130 INFO o.a.j.r.c.ReportGeneratorConfiguration: Will use date range start date: null, end date: null
2026-06-23 18:57:01,134 INFO o.a.j.r.c.ReportGeneratorConfiguration: Property 'jmeter.reportgenerator.graph.totalTPS.exclude_controllers' not found, using default value 'false' instead.
2026-06-23 18:57:01,134 INFO o.a.j.r.c.ReportGeneratorConfiguration: Property 'jmeter.reportgenerator.graph.activeThreadsOverTime.exclude_controllers' not found, using default value 'false' instead.
2026-06-23 18:57:01,134 INFO o.a.j.r.c.ReportGeneratorConfiguration: Property 'jmeter.reportgenerator.graph.timeVsThreads.exclude_controllers' not found, using default value 'false' instead.
2026-06-23 18:57:01,134 INFO o.a.j.r.c.ReportGeneratorConfiguration: Property 'jmeter.reportgenerator.graph.responseTimeDistribution.exclude_controllers' not found, using default value 'false' instead.
2026-06-23 18:57:01,134 INFO o.a.j.r.c.ReportGeneratorConfiguration: Property 'jmeter.reportgenerator.graph.transactionsPerSecond.exclude_controllers' not found, using default value 'false' instead.
2026-06-23 18:57:01,134 INFO o.a.j.r.c.ReportGeneratorConfiguration: Property 'jmeter.reportgenerator.graph.responseTimePercentiles.exclude_controllers' not found, using default value 'false' instead.
2026-06-23 18:57:01,134 INFO o.a.j.r.c.ReportGeneratorConfiguration: Property 'jmeter.reportgenerator.graph.responseTimePercentilesOverTime.exclude_controllers' not found, using default value 'false' instead.
2026-06-23 18:57:01,135 INFO o.a.j.r.c.ReportGeneratorConfiguration: Property 'jmeter.reportgenerator.graph.responseTimesOverTime.exclude_controllers' not found, using default value 'false' instead.
2026-06-23 18:57:01,135 INFO o.a.j.r.c.ReportGeneratorConfiguration: Property 'jmeter.reportgenerator.graph.connectTimeOverTime.exclude_controllers' not found, using default value 'false' instead.
2026-06-23 18:57:01,135 INFO o.a.j.r.c.ReportGeneratorConfiguration: Property 'jmeter.reportgenerator.graph.latenciesOverTime.exclude_controllers' not found, using default value 'false' instead.
2026-06-23 18:57:01,136 INFO o.a.j.r.c.ReportGeneratorConfiguration: Property 'jmeter.reportgenerator.exporter.json.filters_only_sample_series' not found, using default value 'true' instead.
2026-06-23 18:57:01,136 INFO o.a.j.r.c.ReportGeneratorConfiguration: Property 'jmeter.reportgenerator.exporter.json.series_filter' not found, using default value '' instead.
2026-06-23 18:57:01,136 INFO o.a.j.r.c.ReportGeneratorConfiguration: Property 'jmeter.reportgenerator.exporter.json.show_controllers_only' not found, using default value 'false' instead.
2026-06-23 18:57:01,137 INFO o.a.j.r.c.ReportGeneratorConfiguration: Property 'jmeter.reportgenerator.exporter.html.filters_only_sample_series' not found, using default value 'true' instead.
2026-06-23 18:57:01,137 INFO o.a.j.r.c.ReportGeneratorConfiguration: Property 'jmeter.reportgenerator.exporter.html.series_filter' not found, using default value '' instead.
2026-06-23 18:57:01,137 INFO o.a.j.r.c.ReportGeneratorConfiguration: Property 'jmeter.reportgenerator.exporter.html.show_controllers_only' not found, using default value 'false' instead.
2026-06-23 18:57:01,156 INFO o.a.j.e.StandardJMeterEngine: Running the test!
2026-06-23 18:57:01,156 INFO o.a.j.s.SampleEvent: List of sample_variables: []
2026-06-23 18:57:01,156 INFO o.a.j.s.SampleEvent: List of sample_variables: []
2026-06-23 18:57:01,161 INFO o.a.j.e.u.CompoundVariable: Note: Function class names must contain the string: '.functions.'
2026-06-23 18:57:01,162 INFO o.a.j.e.u.CompoundVariable: Note: Function class names must not contain the string: '.gui.'
2026-06-23 18:57:01,247 INFO o.a.j.JMeter: Running test (1782259021247)
2026-06-23 18:57:01,266 INFO o.a.j.e.StandardJMeterEngine: Starting ThreadGroup: 1 : Thread Group -auth/login
2026-06-23 18:57:01,266 INFO o.a.j.e.StandardJMeterEngine: Starting 30 threads for group Thread Group -auth/login.
2026-06-23 18:57:01,266 INFO o.a.j.e.StandardJMeterEngine: Thread will continue on error
2026-06-23 18:57:01,266 INFO o.a.j.t.ThreadGroup: Starting thread group... number=1 threads=30 ramp-up=30 delayedStart=false
2026-06-23 18:57:01,284 INFO o.a.j.t.ThreadGroup: Started thread group number 1
2026-06-23 18:57:01,284 INFO o.a.j.e.StandardJMeterEngine: All thread groups have been started
2026-06-23 18:57:01,354 INFO o.a.j.t.JMeterThread: Thread started: Thread Group -auth/login 1-1
2026-06-23 18:57:01,356 INFO o.a.j.s.FileServer: Stored: C:/Users/pablo/Desktop/Evaluacion QA/Desarrollo de la evaluacion/users_login.csv
2026-06-23 18:57:01,388 INFO o.a.j.p.h.s.HTTPHCAbstractImpl: Local host = DESKTOP-2P2LQAR
2026-06-23 18:57:01,393 INFO o.a.j.p.h.s.HTTPHC4Impl: HTTP request retry count = 0
2026-06-23 18:57:01,395 INFO o.a.j.s.SampleResult: Note: Sample TimeStamps are START times
2026-06-23 18:57:01,395 INFO o.a.j.s.SampleResult: sampleresult.default.encoding is set to UTF-8
2026-06-23 18:57:01,395 INFO o.a.j.s.SampleResult: sampleresult.useNanoTime=true
2026-06-23 18:57:01,395 INFO o.a.j.s.SampleResult: sampleresult.nanoThreadSleep=5000
2026-06-23 18:57:01,495 INFO o.a.j.p.h.s.h.LazyLayeredConnectionSocketFactory: Setting up HTTPS TrustAll Socket Factory
2026-06-23 18:57:01,502 INFO o.a.j.u.JsseSSLManager: Using default SSL protocol: TLS
2026-06-23 18:57:01,502 INFO o.a.j.u.JsseSSLManager: SSL session context: per-thread
2026-06-23 18:57:01,629 INFO o.a.j.u.SSLManager: JmeterKeyStore Location:  type JKS
2026-06-23 18:57:01,632 INFO o.a.j.u.SSLManager: KeyStore created OK
2026-06-23 18:57:01,632 WARN o.a.j.u.SSLManager: Keystore file not found, loading empty keystore
2026-06-23 18:57:02,351 INFO o.a.j.t.JMeterThread: Thread started: Thread Group -auth/login 1-2
2026-06-23 18:57:02,922 INFO o.a.j.r.Summariser: summary +      1 in 00:00:02 =    0.6/s Avg:   567 Min:   567 Max:   567 Err:     0 (0.00%) Active: 2 Started: 2 Finished: 0
2026-06-23 18:57:03,351 INFO o.a.j.t.JMeterThread: Thread started: Thread Group -auth/login 1-3
2026-06-23 18:57:04,349 INFO o.a.j.t.JMeterThread: Thread started: Thread Group -auth/login 1-4
2026-06-23 18:57:05,350 INFO o.a.j.t.JMeterThread: Thread started: Thread Group -auth/login 1-5
2026-06-23 18:57:06,348 INFO o.a.j.t.JMeterThread: Thread started: Thread Group -auth/login 1-6
2026-06-23 18:57:06,578 INFO o.a.j.t.JMeterThread: Thread is done: Thread Group -auth/login 1-2
2026-06-23 18:57:06,578 INFO o.a.j.t.JMeterThread: Thread finished: Thread Group -auth/login 1-2
2026-06-23 18:57:06,792 INFO o.a.j.t.JMeterThread: Thread is done: Thread Group -auth/login 1-1
2026-06-23 18:57:06,792 INFO o.a.j.t.JMeterThread: Thread finished: Thread Group -auth/login 1-1
2026-06-23 18:57:07,349 INFO o.a.j.t.JMeterThread: Thread started: Thread Group -auth/login 1-7
2026-06-23 18:57:07,615 INFO o.a.j.t.JMeterThread: Thread is done: Thread Group -auth/login 1-3
2026-06-23 18:57:07,615 INFO o.a.j.t.JMeterThread: Thread finished: Thread Group -auth/login 1-3
2026-06-23 18:57:08,351 INFO o.a.j.t.JMeterThread: Thread started: Thread Group -auth/login 1-8
2026-06-23 18:57:08,554 INFO o.a.j.t.JMeterThread: Thread is done: Thread Group -auth/login 1-4
2026-06-23 18:57:08,554 INFO o.a.j.t.JMeterThread: Thread finished: Thread Group -auth/login 1-4
2026-06-23 18:57:09,347 INFO o.a.j.t.JMeterThread: Thread started: Thread Group -auth/login 1-9
2026-06-23 18:57:09,756 INFO o.a.j.t.JMeterThread: Thread is done: Thread Group -auth/login 1-5
2026-06-23 18:57:09,756 INFO o.a.j.t.JMeterThread: Thread finished: Thread Group -auth/login 1-5
2026-06-23 18:57:10,347 INFO o.a.j.t.JMeterThread: Thread started: Thread Group -auth/login 1-10
2026-06-23 18:57:10,567 INFO o.a.j.t.JMeterThread: Thread is done: Thread Group -auth/login 1-6
2026-06-23 18:57:10,567 INFO o.a.j.t.JMeterThread: Thread finished: Thread Group -auth/login 1-6
2026-06-23 18:57:11,348 INFO o.a.j.t.JMeterThread: Thread started: Thread Group -auth/login 1-11
2026-06-23 18:57:11,867 INFO o.a.j.t.JMeterThread: Thread is done: Thread Group -auth/login 1-7
2026-06-23 18:57:11,867 INFO o.a.j.t.JMeterThread: Thread finished: Thread Group -auth/login 1-7
2026-06-23 18:57:12,346 INFO o.a.j.t.JMeterThread: Thread started: Thread Group -auth/login 1-12
2026-06-23 18:57:12,607 INFO o.a.j.t.JMeterThread: Thread is done: Thread Group -auth/login 1-8
2026-06-23 18:57:12,607 INFO o.a.j.t.JMeterThread: Thread finished: Thread Group -auth/login 1-8
2026-06-23 18:57:13,346 INFO o.a.j.t.JMeterThread: Thread started: Thread Group -auth/login 1-13
2026-06-23 18:57:14,054 INFO o.a.j.t.JMeterThread: Thread is done: Thread Group -auth/login 1-9
2026-06-23 18:57:14,054 INFO o.a.j.t.JMeterThread: Thread finished: Thread Group -auth/login 1-9
2026-06-23 18:57:14,346 INFO o.a.j.t.JMeterThread: Thread started: Thread Group -auth/login 1-14
2026-06-23 18:57:14,727 INFO o.a.j.t.JMeterThread: Thread is done: Thread Group -auth/login 1-10
2026-06-23 18:57:14,727 INFO o.a.j.t.JMeterThread: Thread finished: Thread Group -auth/login 1-10
2026-06-23 18:57:15,345 INFO o.a.j.t.JMeterThread: Thread started: Thread Group -auth/login 1-15
2026-06-23 18:57:15,704 INFO o.a.j.t.JMeterThread: Thread is done: Thread Group -auth/login 1-11
2026-06-23 18:57:15,704 INFO o.a.j.t.JMeterThread: Thread finished: Thread Group -auth/login 1-11
2026-06-23 18:57:16,344 INFO o.a.j.t.JMeterThread: Thread started: Thread Group -auth/login 1-16
2026-06-23 18:57:16,692 INFO o.a.j.t.JMeterThread: Thread is done: Thread Group -auth/login 1-12
2026-06-23 18:57:16,692 INFO o.a.j.t.JMeterThread: Thread finished: Thread Group -auth/login 1-12
2026-06-23 18:57:17,344 INFO o.a.j.t.JMeterThread: Thread started: Thread Group -auth/login 1-17
2026-06-23 18:57:17,638 INFO o.a.j.t.JMeterThread: Thread is done: Thread Group -auth/login 1-13
2026-06-23 18:57:17,638 INFO o.a.j.t.JMeterThread: Thread finished: Thread Group -auth/login 1-13
2026-06-23 18:57:18,344 INFO o.a.j.t.JMeterThread: Thread started: Thread Group -auth/login 1-18
2026-06-23 18:57:18,668 INFO o.a.j.t.JMeterThread: Thread is done: Thread Group -auth/login 1-14
2026-06-23 18:57:18,668 INFO o.a.j.t.JMeterThread: Thread finished: Thread Group -auth/login 1-14
2026-06-23 18:57:19,344 INFO o.a.j.t.JMeterThread: Thread started: Thread Group -auth/login 1-19
2026-06-23 18:57:19,599 INFO o.a.j.t.JMeterThread: Thread is done: Thread Group -auth/login 1-15
2026-06-23 18:57:19,599 INFO o.a.j.t.JMeterThread: Thread finished: Thread Group -auth/login 1-15
2026-06-23 18:57:20,343 INFO o.a.j.t.JMeterThread: Thread started: Thread Group -auth/login 1-20
2026-06-23 18:57:20,726 INFO o.a.j.t.JMeterThread: Thread is done: Thread Group -auth/login 1-16
2026-06-23 18:57:20,726 INFO o.a.j.t.JMeterThread: Thread finished: Thread Group -auth/login 1-16
2026-06-23 18:57:21,343 INFO o.a.j.t.JMeterThread: Thread started: Thread Group -auth/login 1-21
2026-06-23 18:57:21,525 INFO o.a.j.t.JMeterThread: Thread is done: Thread Group -auth/login 1-17
2026-06-23 18:57:21,525 INFO o.a.j.t.JMeterThread: Thread finished: Thread Group -auth/login 1-17
2026-06-23 18:57:22,342 INFO o.a.j.t.JMeterThread: Thread started: Thread Group -auth/login 1-22
2026-06-23 18:57:22,622 INFO o.a.j.t.JMeterThread: Thread is done: Thread Group -auth/login 1-18
2026-06-23 18:57:22,622 INFO o.a.j.t.JMeterThread: Thread finished: Thread Group -auth/login 1-18
2026-06-23 18:57:23,343 INFO o.a.j.t.JMeterThread: Thread started: Thread Group -auth/login 1-23
2026-06-23 18:57:23,719 INFO o.a.j.t.JMeterThread: Thread is done: Thread Group -auth/login 1-19
2026-06-23 18:57:23,719 INFO o.a.j.t.JMeterThread: Thread finished: Thread Group -auth/login 1-19
2026-06-23 18:57:24,340 INFO o.a.j.t.JMeterThread: Thread started: Thread Group -auth/login 1-24
2026-06-23 18:57:24,602 INFO o.a.j.t.JMeterThread: Thread is done: Thread Group -auth/login 1-20
2026-06-23 18:57:24,603 INFO o.a.j.t.JMeterThread: Thread finished: Thread Group -auth/login 1-20
2026-06-23 18:57:25,342 INFO o.a.j.t.JMeterThread: Thread started: Thread Group -auth/login 1-25
2026-06-23 18:57:25,587 INFO o.a.j.t.JMeterThread: Thread is done: Thread Group -auth/login 1-21
2026-06-23 18:57:25,587 INFO o.a.j.t.JMeterThread: Thread finished: Thread Group -auth/login 1-21
2026-06-23 18:57:26,340 INFO o.a.j.t.JMeterThread: Thread started: Thread Group -auth/login 1-26
2026-06-23 18:57:26,729 INFO o.a.j.t.JMeterThread: Thread is done: Thread Group -auth/login 1-22
2026-06-23 18:57:26,729 INFO o.a.j.t.JMeterThread: Thread finished: Thread Group -auth/login 1-22
2026-06-23 18:57:27,339 INFO o.a.j.t.JMeterThread: Thread started: Thread Group -auth/login 1-27
2026-06-23 18:57:27,607 INFO o.a.j.t.JMeterThread: Thread is done: Thread Group -auth/login 1-23
2026-06-23 18:57:27,607 INFO o.a.j.t.JMeterThread: Thread finished: Thread Group -auth/login 1-23
2026-06-23 18:57:28,345 INFO o.a.j.t.JMeterThread: Thread started: Thread Group -auth/login 1-28
2026-06-23 18:57:28,943 INFO o.a.j.t.JMeterThread: Thread is done: Thread Group -auth/login 1-24
2026-06-23 18:57:28,943 INFO o.a.j.t.JMeterThread: Thread finished: Thread Group -auth/login 1-24
2026-06-23 18:57:29,338 INFO o.a.j.t.JMeterThread: Thread started: Thread Group -auth/login 1-29
2026-06-23 18:57:29,698 INFO o.a.j.t.JMeterThread: Thread is done: Thread Group -auth/login 1-25
2026-06-23 18:57:29,698 INFO o.a.j.t.JMeterThread: Thread finished: Thread Group -auth/login 1-25
2026-06-23 18:57:30,176 INFO o.a.j.r.Summariser: summary +    268 in 00:00:27 =    9.8/s Avg:   437 Min:   399 Max:  1558 Err:     1 (0.37%) Active: 4 Started: 29 Finished: 25
2026-06-23 18:57:30,177 INFO o.a.j.r.Summariser: summary =    269 in 00:00:29 =    9.3/s Avg:   437 Min:   399 Max:  1558 Err:     1 (0.37%)
2026-06-23 18:57:30,338 INFO o.a.j.t.JMeterThread: Thread started: Thread Group -auth/login 1-30
2026-06-23 18:57:30,666 INFO o.a.j.t.JMeterThread: Thread is done: Thread Group -auth/login 1-26
2026-06-23 18:57:30,666 INFO o.a.j.t.JMeterThread: Thread finished: Thread Group -auth/login 1-26
2026-06-23 18:57:31,637 INFO o.a.j.t.JMeterThread: Thread is done: Thread Group -auth/login 1-27
2026-06-23 18:57:31,637 INFO o.a.j.t.JMeterThread: Thread finished: Thread Group -auth/login 1-27
2026-06-23 18:57:32,681 INFO o.a.j.t.JMeterThread: Thread is done: Thread Group -auth/login 1-28
2026-06-23 18:57:32,681 INFO o.a.j.t.JMeterThread: Thread finished: Thread Group -auth/login 1-28
2026-06-23 18:57:33,621 INFO o.a.j.t.JMeterThread: Thread is done: Thread Group -auth/login 1-29
2026-06-23 18:57:33,621 INFO o.a.j.t.JMeterThread: Thread finished: Thread Group -auth/login 1-29
2026-06-23 18:57:34,842 INFO o.a.j.t.JMeterThread: Thread is done: Thread Group -auth/login 1-30
2026-06-23 18:57:34,843 INFO o.a.j.t.JMeterThread: Thread finished: Thread Group -auth/login 1-30
2026-06-23 18:57:34,843 INFO o.a.j.e.StandardJMeterEngine: Notifying test listeners of end of test
2026-06-23 18:57:34,843 INFO o.a.j.s.FileServer: Close: C:/Users/pablo/Desktop/Evaluacion QA/Desarrollo de la evaluacion/users_login.csv
2026-06-23 18:57:34,845 INFO o.a.j.r.Summariser: summary +     31 in 00:00:05 =    6.6/s Avg:   426 Min:   402 Max:   852 Err:     0 (0.00%) Active: 0 Started: 30 Finished: 30
2026-06-23 18:57:34,846 INFO o.a.j.r.Summariser: summary =    300 in 00:00:34 =    8.9/s Avg:   436 Min:   399 Max:  1558 Err:     1 (0.33%)
2026-06-23 18:57:34,847 INFO o.a.j.JMeter: Generating Dashboard
2026-06-23 18:57:34,847 INFO o.a.j.r.d.ReportGenerator: Flushing result collector before report Generation
2026-06-23 18:57:34,862 INFO o.a.j.r.p.NormalizerSampleConsumer: Using format, 'ms', to parse timeStamp field
2026-06-23 18:57:34,975 INFO o.a.j.r.p.AbstractSampleConsumer: class org.apache.jmeter.report.processor.AggregateConsumer#stopProducing(): beginDate produced 0 samples
2026-06-23 18:57:34,975 INFO o.a.j.r.p.AbstractSampleConsumer: class org.apache.jmeter.report.processor.AggregateConsumer#stopProducing(): endDate produced 0 samples
2026-06-23 18:57:34,978 INFO o.a.j.r.p.AbstractSampleConsumer: class org.apache.jmeter.report.processor.ApdexSummaryConsumer#stopProducing(): apdexSummary produced 0 samples
2026-06-23 18:57:34,978 INFO o.a.j.r.p.AbstractSampleConsumer: class org.apache.jmeter.report.processor.RequestsSummaryConsumer#stopProducing(): requestsSummary produced 0 samples
2026-06-23 18:57:34,982 INFO o.a.j.r.p.AbstractSampleConsumer: class org.apache.jmeter.report.processor.StatisticsSummaryConsumer#stopProducing(): statisticsSummary produced 0 samples
2026-06-23 18:57:34,984 INFO o.a.j.r.p.AbstractSampleConsumer: class org.apache.jmeter.report.processor.Top5ErrorsBySamplerConsumer#stopProducing(): top5ErrorsBySampler produced 0 samples
2026-06-23 18:57:34,985 INFO o.a.j.r.p.AbstractSampleConsumer: class org.apache.jmeter.report.processor.ErrorsSummaryConsumer#stopProducing(): errorsSummary produced 0 samples
2026-06-23 18:57:34,985 INFO o.a.j.r.p.AbstractSampleConsumer: class org.apache.jmeter.report.processor.graph.impl.HitsPerSecondGraphConsumer#stopProducing(): hitsPerSecond produced 0 samples
2026-06-23 18:57:35,007 INFO o.a.j.r.p.AbstractSampleConsumer: class org.apache.jmeter.report.processor.graph.impl.LatencyVSRequestGraphConsumer#stopProducing(): latencyVsRequest produced 0 samples
2026-06-23 18:57:35,007 INFO o.a.j.r.p.AbstractSampleConsumer: class org.apache.jmeter.report.processor.graph.impl.SyntheticResponseTimeDistributionGraphConsumer#stopProducing(): syntheticResponseTimeDistribution produced 0 samples
2026-06-23 18:57:35,008 INFO o.a.j.r.p.AbstractSampleConsumer: class org.apache.jmeter.report.processor.graph.impl.BytesThroughputGraphConsumer#stopProducing(): bytesThroughputOverTime produced 0 samples
2026-06-23 18:57:35,008 INFO o.a.j.r.p.AbstractSampleConsumer: class org.apache.jmeter.report.processor.graph.impl.CodesPerSecondGraphConsumer#stopProducing(): codesPerSecond produced 0 samples
2026-06-23 18:57:35,015 INFO o.a.j.r.p.AbstractSampleConsumer: class org.apache.jmeter.report.processor.graph.impl.ResponseTimeVSRequestGraphConsumer#stopProducing(): responseTimeVsRequest produced 0 samples
2026-06-23 18:57:35,016 INFO o.a.j.r.p.AbstractSampleConsumer: class org.apache.jmeter.report.processor.FilterConsumer#stopProducing(): startIntervalControlerFilter produced 2100 samples
2026-06-23 18:57:35,016 INFO o.a.j.r.p.AbstractSampleConsumer: class org.apache.jmeter.report.processor.graph.impl.TotalTPSGraphConsumer#stopProducing(): totalTPS produced 0 samples
2026-06-23 18:57:35,016 INFO o.a.j.r.p.AbstractSampleConsumer: class org.apache.jmeter.report.processor.graph.impl.ActiveThreadsGraphConsumer#stopProducing(): activeThreadsOverTime produced 0 samples
2026-06-23 18:57:35,016 INFO o.a.j.r.p.AbstractSampleConsumer: class org.apache.jmeter.report.processor.graph.impl.TimeVSThreadGraphConsumer#stopProducing(): timeVsThreads produced 0 samples
2026-06-23 18:57:35,016 INFO o.a.j.r.p.AbstractSampleConsumer: class org.apache.jmeter.report.processor.graph.impl.ResponseTimeDistributionGraphConsumer#stopProducing(): responseTimeDistribution produced 0 samples
2026-06-23 18:57:35,017 INFO o.a.j.r.p.AbstractSampleConsumer: class org.apache.jmeter.report.processor.graph.impl.TransactionsPerSecondGraphConsumer#stopProducing(): transactionsPerSecond produced 0 samples
2026-06-23 18:57:35,017 INFO o.a.j.r.p.AbstractSampleConsumer: class org.apache.jmeter.report.processor.graph.impl.ResponseTimePercentilesGraphConsumer#stopProducing(): responseTimePercentiles produced 0 samples
2026-06-23 18:57:35,017 INFO o.a.j.r.p.AbstractSampleConsumer: class org.apache.jmeter.report.processor.graph.impl.ResponseTimePercentilesOverTimeGraphConsumer#stopProducing(): responseTimePercentilesOverTime produced 0 samples
2026-06-23 18:57:35,018 INFO o.a.j.r.p.AbstractSampleConsumer: class org.apache.jmeter.report.processor.graph.impl.ResponseTimeOverTimeGraphConsumer#stopProducing(): responseTimesOverTime produced 0 samples
2026-06-23 18:57:35,018 INFO o.a.j.r.p.AbstractSampleConsumer: class org.apache.jmeter.report.processor.graph.impl.ConnectTimeOverTimeGraphConsumer#stopProducing(): connectTimeOverTime produced 0 samples
2026-06-23 18:57:35,018 INFO o.a.j.r.p.AbstractSampleConsumer: class org.apache.jmeter.report.processor.graph.impl.LatencyOverTimeGraphConsumer#stopProducing(): latenciesOverTime produced 0 samples
2026-06-23 18:57:35,018 INFO o.a.j.r.p.AbstractSampleConsumer: class org.apache.jmeter.report.processor.FilterConsumer#stopProducing(): nameFilter produced 4500 samples
2026-06-23 18:57:35,018 INFO o.a.j.r.p.AbstractSampleConsumer: class org.apache.jmeter.report.processor.FilterConsumer#stopProducing(): dateRangeFilter produced 900 samples
2026-06-23 18:57:35,018 INFO o.a.j.r.p.AbstractSampleConsumer: class org.apache.jmeter.report.processor.NormalizerSampleConsumer#stopProducing(): normalizer produced 300 samples
2026-06-23 18:57:35,019 INFO o.a.j.r.p.CsvFileSampleSource: produce(): 300 samples produced in 125ms on channel 0
2026-06-23 18:57:35,019 INFO o.a.j.r.d.ReportGenerator: Exporting data using exporter:'json' of className:'org.apache.jmeter.report.dashboard.JsonExporter'
2026-06-23 18:57:35,095 INFO o.a.j.r.d.JsonExporter: Found data for consumer statisticsSummary in context
2026-06-23 18:57:35,095 INFO o.a.j.r.d.JsonExporter: Creating statistics for overall
2026-06-23 18:57:35,096 INFO o.a.j.r.d.JsonExporter: Creating statistics for other transactions
2026-06-23 18:57:35,096 INFO o.a.j.r.d.JsonExporter: Checking output folder
2026-06-23 18:57:35,097 INFO o.a.j.r.d.JsonExporter: Writing statistics JSON to C:\Users\pablo\Desktop\Evaluacion QA\Desarrollo de la evaluacion\reporte-html\statistics.json
2026-06-23 18:57:35,147 INFO o.a.j.r.d.ReportGenerator: Exporting data using exporter:'html' of className:'org.apache.jmeter.report.dashboard.HtmlTemplateExporter'
2026-06-23 18:57:35,152 INFO o.a.j.r.d.HtmlTemplateExporter: Will generate dashboard in folder: C:\Users\pablo\Desktop\Evaluacion QA\Desarrollo de la evaluacion\reporte-html
2026-06-23 18:57:35,286 INFO o.a.j.r.d.HtmlTemplateExporter: Report will be generated in: C:\Users\pablo\Desktop\Evaluacion QA\Desarrollo de la evaluacion\reporte-html, creating folder structure
2026-06-23 18:57:35,292 INFO o.a.j.r.d.TemplateVisitor: Copying folder from 'C:\Users\pablo\Downloads\apache-jmeter-5.6.3\apache-jmeter-5.6.3\bin\report-template' to 'C:\Users\pablo\Desktop\Evaluacion QA\Desarrollo de la evaluacion\reporte-html', got message: C:\Users\pablo\Desktop\Evaluacion QA\Desarrollo de la evaluacion\reporte-html, found non empty folder with following content [C:\Users\pablo\Desktop\Evaluacion QA\Desarrollo de la evaluacion\reporte-html\statistics.json], will be ignored
2026-06-23 18:57:35,827 INFO o.a.j.JMeter: Dashboard generated
